<<<<<<< HEAD
﻿  UiTool.cpp
  MFCTool.vcxproj -> C:\Users\qaws1\Desktop\MFCTool\Debug\MFCTool.exe
  MFCTool.vcxproj -> C:\Users\qaws1\Desktop\MFCTool\Debug\MFCTool.pdb (Partial PDB)
=======
﻿  ObjectTool.cpp
d:\study\jusin\teamhw\4-mfc\mfctool_team\mfctool\objecttool.cpp(228): warning C4800: 'int': 'true' 또는 'false'로 bool 값을 강제하고 있습니다(성능 경고).
d:\study\jusin\teamhw\4-mfc\mfctool_team\mfctool\objecttool.cpp(642): warning C4244: '인수': 'float'에서 'UINT'(으)로 변환하면서 데이터가 손실될 수 있습니다.
d:\study\jusin\teamhw\4-mfc\mfctool_team\mfctool\objecttool.cpp(670): warning C4244: '인수': 'UINT'에서 'FLOAT'(으)로 변환하면서 데이터가 손실될 수 있습니다.
  코드를 생성하고 있습니다...
  건너뛰고 있습니다... (관련된 변경 내용 없음)
  UiTool.cpp
  Miniview.cpp
  MapTool.cpp
  MainFrm.cpp
  MFCToolView.cpp
  MFCToolDoc.cpp
  MFCTool.cpp
  Form.cpp
  AnimationTool.cpp
  MFCTool.vcxproj -> D:\Study\Jusin\TeamHW\4-MFC\MFCTool_Team\Debug\MFCTool.exe
  MFCTool.vcxproj -> D:\Study\Jusin\TeamHW\4-MFC\MFCTool_Team\Debug\MFCTool.pdb (Partial PDB)
>>>>>>> main
