c:\users\qaws1\desktop\mfctool\mfctool\debug\mfctool.pch
c:\users\qaws1\desktop\mfctool\mfctool\debug\vc140.pdb
c:\users\qaws1\desktop\mfctool\mfctool\debug\vc140.idb
c:\users\qaws1\desktop\mfctool\mfctool\debug\stdafx.obj
c:\users\qaws1\desktop\mfctool\mfctool\debug\animationtool.obj
c:\users\qaws1\desktop\mfctool\mfctool\debug\objecttool.obj
c:\users\qaws1\desktop\mfctool\mfctool\debug\fileinfo.obj
c:\users\qaws1\desktop\mfctool\mfctool\debug\form.obj
c:\users\qaws1\desktop\mfctool\mfctool\debug\graphic_device.obj
c:\users\qaws1\desktop\mfctool\mfctool\debug\mainfrm.obj
c:\users\qaws1\desktop\mfctool\mfctool\debug\maptool.obj
c:\users\qaws1\desktop\mfctool\mfctool\debug\mfctool.obj
c:\users\qaws1\desktop\mfctool\mfctool\debug\mfctooldoc.obj
c:\users\qaws1\desktop\mfctool\mfctool\debug\mfctoolview.obj
c:\users\qaws1\desktop\mfctool\mfctool\debug\miniview.obj
c:\users\qaws1\desktop\mfctool\mfctool\debug\multi_texture.obj
c:\users\qaws1\desktop\mfctool\mfctool\debug\single_texture.obj
c:\users\qaws1\desktop\mfctool\mfctool\debug\terrain.obj
c:\users\qaws1\desktop\mfctool\mfctool\debug\texture.obj
c:\users\qaws1\desktop\mfctool\mfctool\debug\texture_manager.obj
c:\users\qaws1\desktop\mfctool\mfctool\debug\uitool.obj
c:\users\qaws1\desktop\mfctool\debug\mfctool.ilk
c:\users\qaws1\desktop\mfctool\debug\mfctool.exe
c:\users\qaws1\desktop\mfctool\debug\mfctool.pdb
c:\users\qaws1\desktop\mfctool\mfctool\debug\mfctool.res
c:\users\qaws1\desktop\mfctool\mfctool\debug\bullettool.obj
c:\users\qaws1\desktop\mfctool\mfctool\debug\mfctool.tlog\cl.command.1.tlog
c:\users\qaws1\desktop\mfctool\mfctool\debug\mfctool.tlog\cl.read.1.tlog
c:\users\qaws1\desktop\mfctool\mfctool\debug\mfctool.tlog\cl.write.1.tlog
c:\users\qaws1\desktop\mfctool\mfctool\debug\mfctool.tlog\link.command.1.tlog
c:\users\qaws1\desktop\mfctool\mfctool\debug\mfctool.tlog\link.read.1.tlog
c:\users\qaws1\desktop\mfctool\mfctool\debug\mfctool.tlog\link.write.1.tlog
c:\users\qaws1\desktop\mfctool\mfctool\debug\mfctool.tlog\rc.command.1.tlog
c:\users\qaws1\desktop\mfctool\mfctool\debug\mfctool.tlog\rc.read.1.tlog
c:\users\qaws1\desktop\mfctool\mfctool\debug\mfctool.tlog\rc.write.1.tlog
