d:\study\jusin\teamhw\4-mfc\mfctool_team\client\debug\client.pch
d:\study\jusin\teamhw\4-mfc\mfctool_team\client\debug\vc140.pdb
d:\study\jusin\teamhw\4-mfc\mfctool_team\client\debug\vc140.idb
d:\study\jusin\teamhw\4-mfc\mfctool_team\client\debug\stdafx.obj
d:\study\jusin\teamhw\4-mfc\mfctool_team\client\debug\client.obj
d:\study\jusin\teamhw\4-mfc\mfctool_team\client\debug\gameobject.obj
d:\study\jusin\teamhw\4-mfc\mfctool_team\client\debug\gameobject_manager.obj
d:\study\jusin\teamhw\4-mfc\mfctool_team\client\debug\graphic_device.obj
d:\study\jusin\teamhw\4-mfc\mfctool_team\client\debug\mainapp.obj
d:\study\jusin\teamhw\4-mfc\mfctool_team\client\debug\multi_texture.obj
d:\study\jusin\teamhw\4-mfc\mfctool_team\client\debug\player.obj
d:\study\jusin\teamhw\4-mfc\mfctool_team\client\debug\scene.obj
d:\study\jusin\teamhw\4-mfc\mfctool_team\client\debug\scene_manager.obj
d:\study\jusin\teamhw\4-mfc\mfctool_team\client\debug\scroll_manager.obj
d:\study\jusin\teamhw\4-mfc\mfctool_team\client\debug\single_texture.obj
d:\study\jusin\teamhw\4-mfc\mfctool_team\client\debug\stage.obj
d:\study\jusin\teamhw\4-mfc\mfctool_team\client\debug\terrain.obj
d:\study\jusin\teamhw\4-mfc\mfctool_team\client\debug\texture.obj
d:\study\jusin\teamhw\4-mfc\mfctool_team\client\debug\texture_manager.obj
d:\study\jusin\teamhw\4-mfc\mfctool_team\debug\client.ilk
d:\study\jusin\teamhw\4-mfc\mfctool_team\debug\client.exe
d:\study\jusin\teamhw\4-mfc\mfctool_team\debug\client.pdb
d:\study\jusin\teamhw\4-mfc\mfctool_team\client\debug\client.res
c:\users\qaws1\desktop\mfctool\client\debug\client.obj
c:\users\qaws1\desktop\mfctool\client\debug\gameobject.obj
c:\users\qaws1\desktop\mfctool\client\debug\gameobject_manager.obj
c:\users\qaws1\desktop\mfctool\client\debug\graphic_device.obj
c:\users\qaws1\desktop\mfctool\client\debug\mainapp.obj
c:\users\qaws1\desktop\mfctool\client\debug\multi_texture.obj
c:\users\qaws1\desktop\mfctool\client\debug\player.obj
c:\users\qaws1\desktop\mfctool\client\debug\scene.obj
c:\users\qaws1\desktop\mfctool\client\debug\scene_manager.obj
c:\users\qaws1\desktop\mfctool\client\debug\scroll_manager.obj
c:\users\qaws1\desktop\mfctool\client\debug\single_texture.obj
c:\users\qaws1\desktop\mfctool\client\debug\stage.obj
c:\users\qaws1\desktop\mfctool\client\debug\stdafx.obj
c:\users\qaws1\desktop\mfctool\client\debug\terrain.obj
c:\users\qaws1\desktop\mfctool\client\debug\texture.obj
c:\users\qaws1\desktop\mfctool\client\debug\texture_manager.obj
c:\users\qaws1\desktop\mfctool\client\debug\client.res
c:\users\qaws1\desktop\mfctool\client\debug\client.pch
c:\users\qaws1\desktop\mfctool\client\debug\vc140.idb
c:\users\qaws1\desktop\mfctool\client\debug\vc140.pdb
c:\users\qaws1\desktop\mfctool\debug\client.pdb
c:\users\qaws1\desktop\mfctool\debug\client.exe
c:\users\qaws1\desktop\mfctool\debug\client.ilk
c:\users\qaws1\desktop\mfctool\client\debug\client.tlog\cl.command.1.tlog
c:\users\qaws1\desktop\mfctool\client\debug\client.tlog\cl.read.1.tlog
c:\users\qaws1\desktop\mfctool\client\debug\client.tlog\cl.write.1.tlog
c:\users\qaws1\desktop\mfctool\client\debug\client.tlog\link.command.1.tlog
c:\users\qaws1\desktop\mfctool\client\debug\client.tlog\link.read.1.tlog
c:\users\qaws1\desktop\mfctool\client\debug\client.tlog\link.write.1.tlog
c:\users\qaws1\desktop\mfctool\client\debug\client.tlog\rc.command.1.tlog
c:\users\qaws1\desktop\mfctool\client\debug\client.tlog\rc.read.1.tlog
c:\users\qaws1\desktop\mfctool\client\debug\client.tlog\rc.write.1.tlog
