  stdafx.cpp
  Time_Manager.cpp
  Texture_Manager.cpp
  Texture.cpp
  Terrain.cpp
  Stage.cpp
  Single_Texture.cpp
  Scroll_Manager.cpp
  Scene_Manager.cpp
  Scene.cpp
  Prefab_Manager.cpp
  Player.cpp
  Multi_Texture.cpp
  MainApp.cpp
  Key_Manager.cpp
  Graphic_Device.cpp
  GameObject_Manager.cpp
  GameObject.cpp
  Frame_Manager.cpp
  Effect.cpp
  Client.cpp
  코드를 생성하고 있습니다...
  컴파일하고 있습니다...
  Bullet.cpp
  코드를 생성하고 있습니다...
  LINK : C:\Users\qaws1\Desktop\MFCTool\Debug\Client.exe을(를) 찾을 수 없거나 마지막 증분 링크에 의해 빌드되지 않았습니다. 전체 링크를 수행하고 있습니다.
  Client.vcxproj -> C:\Users\qaws1\Desktop\MFCTool\Debug\Client.exe
  Client.vcxproj -> C:\Users\qaws1\Desktop\MFCTool\Debug\Client.pdb (Full PDB)
